Added Component: Designator=*(DHT - duplicate)
Add component (AddParameter): Name = "Parameter 1"; Value = "DHT"; VariantName = "[No Variations]"
Added Component: Designator=*(MPU)
Add component (AddParameter): Name = "Parameter 1"; Value = "mpu"; VariantName = "[No Variations]"
Added Component: Designator=1(Arduino ieee)
Add component (AddParameter): Name = "Parameter 1"; Value = "ARDUINO"; VariantName = "[No Variations]"
Added Pin To Net: NetName=GND Pin=1-6
Added Pin To Net: NetName=GND Pin=1-7
Added Pin To Net: NetName=GND Pin=1-29
Added Pin To Net: NetName=GND Pin=*-3
Added Net: Name=GND
Added Pin To Net: NetName=int Pin=1-17
Added Pin To Net: NetName=int Pin=*-2
Added Pin To Net: NetName=int Pin=*-8
Added Net: Name=int
Added Pin To Net: NetName=scl Pin=1-14
Added Pin To Net: NetName=scl Pin=*-3
Added Net: Name=scl
Added Pin To Net: NetName=SDA Pin=1-13
Added Pin To Net: NetName=SDA Pin=*-4
Added Net: Name=SDA
Added Pin To Net: NetName=vcc mpu Pin=1-5
Added Pin To Net: NetName=vcc mpu Pin=*-1
Added Pin To Net: NetName=vcc mpu Pin=*-1
Added Net: Name=vcc mpu
Added Class: Name=Sheet1
Added Room: Name=Sheet1
